<?xml version="1.0" encoding="UTF-8"?>
<!-- Generated by org.testng.reporters.JUnitXMLReporter -->
<testsuite ignored="0" hostname="DESKTOP-VJU25S1" failures="0" tests="4" name="Default test" time="27.596" errors="0" timestamp="2023-02-06T20:59:57 IST">
  <testcase classname="test.LoginTest" name="verifyBuildTitleName" time="0.03"/>
  <testcase classname="test.LoginTest" name="verifyTitleofLoginPage" time="2.427"/>
  <testcase classname="test.LoginTest" name="CurrentUrlofPage" time="0.012"/>
  <testcase classname="test.LoginTest" name="verifyLoginWithCorrectcredentials" time="4.425"/>
</testsuite> <!-- Default test -->
