<?xml version="1.0" encoding="UTF-8"?>
<testng-results ignored="0" total="2" passed="2" failed="0" skipped="0">
  <reporter-output>
  </reporter-output>
  <suite started-at="2023-01-26T13:44:31 IST" name="Default suite" finished-at="2023-01-26T13:44:31 IST" duration-ms="62">
    <groups>
    </groups>
    <test started-at="2023-01-26T13:44:31 IST" name="Default test" finished-at="2023-01-26T13:44:31 IST" duration-ms="62">
      <class name="testngtest.ChekingTestSequence">
        <test-method signature="ab()[pri:0, instance:testngtest.ChekingTestSequence@702b8b12]" started-at="2023-01-26T13:44:31 IST" name="ab" finished-at="2023-01-26T13:44:31 IST" duration-ms="12" status="PASS">
          <reporter-output>
          </reporter-output>
        </test-method> <!-- ab -->
        <test-method signature="ba()[pri:0, instance:testngtest.ChekingTestSequence@702b8b12]" started-at="2023-01-26T13:44:31 IST" name="ba" finished-at="2023-01-26T13:44:31 IST" duration-ms="2" status="PASS">
          <reporter-output>
          </reporter-output>
        </test-method> <!-- ba -->
      </class> <!-- testngtest.ChekingTestSequence -->
    </test> <!-- Default test -->
  </suite> <!-- Default suite -->
</testng-results>
