<?xml version="1.0" encoding="UTF-8"?>
<testng-results ignored="0" total="4" passed="4" failed="0" skipped="0">
  <reporter-output>
  </reporter-output>
  <suite started-at="2023-02-06T20:59:29 IST" name="Default suite" finished-at="2023-02-06T20:59:57 IST" duration-ms="27596">
    <groups>
      <group name="regression">
        <method signature="LoginTest.CurrentUrlofPage()[pri:1, instance:test.LoginTest@6da21078]" name="CurrentUrlofPage" class="test.LoginTest"/>
        <method signature="LoginTest.verifyBuildTitleName()[pri:-1, instance:test.LoginTest@6da21078]" name="verifyBuildTitleName" class="test.LoginTest"/>
        <method signature="LoginTest.verifyLoginWithCorrectcredentials()[pri:2, instance:test.LoginTest@6da21078]" name="verifyLoginWithCorrectcredentials" class="test.LoginTest"/>
        <method signature="LoginTest.verifyTitleofLoginPage()[pri:0, instance:test.LoginTest@6da21078]" name="verifyTitleofLoginPage" class="test.LoginTest"/>
      </group> <!-- regression -->
      <group name="smoke">
        <method signature="LoginTest.CurrentUrlofPage()[pri:1, instance:test.LoginTest@6da21078]" name="CurrentUrlofPage" class="test.LoginTest"/>
        <method signature="LoginTest.verifyBuildTitleName()[pri:-1, instance:test.LoginTest@6da21078]" name="verifyBuildTitleName" class="test.LoginTest"/>
        <method signature="LoginTest.verifyLoginWithCorrectcredentials()[pri:2, instance:test.LoginTest@6da21078]" name="verifyLoginWithCorrectcredentials" class="test.LoginTest"/>
        <method signature="LoginTest.verifyTitleofLoginPage()[pri:0, instance:test.LoginTest@6da21078]" name="verifyTitleofLoginPage" class="test.LoginTest"/>
      </group> <!-- smoke -->
    </groups>
    <test started-at="2023-02-06T20:59:29 IST" name="Default test" finished-at="2023-02-06T20:59:57 IST" duration-ms="27596">
      <class name="test.LoginTest">
        <test-method is-config="true" signature="initBrowser()[pri:0, instance:test.LoginTest@6da21078]" started-at="2023-02-06T20:59:29 IST" name="initBrowser" finished-at="2023-02-06T20:59:49 IST" duration-ms="19798" status="PASS">
          <reporter-output>
          </reporter-output>
        </test-method> <!-- initBrowser -->
        <test-method is-config="true" signature="pageObject()[pri:0, instance:test.LoginTest@6da21078]" started-at="2023-02-06T20:59:49 IST" name="pageObject" finished-at="2023-02-06T20:59:49 IST" duration-ms="152" status="PASS">
          <reporter-output>
          </reporter-output>
        </test-method> <!-- pageObject -->
        <test-method signature="verifyBuildTitleName()[pri:-1, instance:test.LoginTest@6da21078]" started-at="2023-02-06T20:59:49 IST" name="verifyBuildTitleName" finished-at="2023-02-06T20:59:49 IST" duration-ms="30" status="PASS">
          <reporter-output>
          </reporter-output>
        </test-method> <!-- verifyBuildTitleName -->
        <test-method signature="verifyTitleofLoginPage()[pri:0, instance:test.LoginTest@6da21078]" started-at="2023-02-06T20:59:49 IST" name="verifyTitleofLoginPage" finished-at="2023-02-06T20:59:51 IST" duration-ms="2427" status="PASS">
          <reporter-output>
          </reporter-output>
        </test-method> <!-- verifyTitleofLoginPage -->
        <test-method signature="CurrentUrlofPage()[pri:1, instance:test.LoginTest@6da21078]" started-at="2023-02-06T20:59:51 IST" name="CurrentUrlofPage" finished-at="2023-02-06T20:59:51 IST" duration-ms="12" status="PASS">
          <reporter-output>
          </reporter-output>
        </test-method> <!-- CurrentUrlofPage -->
        <test-method signature="verifyLoginWithCorrectcredentials()[pri:2, instance:test.LoginTest@6da21078]" started-at="2023-02-06T20:59:51 IST" name="verifyLoginWithCorrectcredentials" finished-at="2023-02-06T20:59:56 IST" duration-ms="4425" status="PASS">
          <reporter-output>
          </reporter-output>
        </test-method> <!-- verifyLoginWithCorrectcredentials -->
        <test-method is-config="true" signature="tearDownEnvironment()[pri:0, instance:test.LoginTest@6da21078]" started-at="2023-02-06T20:59:56 IST" name="tearDownEnvironment" finished-at="2023-02-06T20:59:57 IST" duration-ms="707" status="PASS">
          <reporter-output>
          </reporter-output>
        </test-method> <!-- tearDownEnvironment -->
      </class> <!-- test.LoginTest -->
    </test> <!-- Default test -->
  </suite> <!-- Default suite -->
</testng-results>
